{"/Users/I503541/repos/github.com/ai-enabled-integrations-codejam/apps/altura-service-locator/assets/service-locator-cap/server.js": {"path":"/Users/I503541/repos/github.com/ai-enabled-integrations-codejam/apps/altura-service-locator/assets/service-locator-cap/server.js","all":false,"statementMap":{"0":{"start":{"line":1,"column":0},"end":{"line":1,"column":26}},"1":{"start":{"line":2,"column":0},"end":{"line":2,"column":0}},"2":{"start":{"line":3,"column":0},"end":{"line":3,"column":51}},"3":{"start":{"line":4,"column":0},"end":{"line":4,"column":59}},"4":{"start":{"line":5,"column":0},"end":{"line":5,"column":0}},"5":{"start":{"line":6,"column":0},"end":{"line":6,"column":47}},"6":{"start":{"line":7,"column":0},"end":{"line":7,"column":101}},"7":{"start":{"line":8,"column":0},"end":{"line":8,"column":17}},"8":{"start":{"line":9,"column":0},"end":{"line":9,"column":1}},"9":{"start":{"line":10,"column":0},"end":{"line":10,"column":0}},"10":{"start":{"line":11,"column":0},"end":{"line":11,"column":103}},"11":{"start":{"line":12,"column":0},"end":{"line":12,"column":0}},"12":{"start":{"line":13,"column":0},"end":{"line":13,"column":28}},"13":{"start":{"line":14,"column":0},"end":{"line":14,"column":31}},"14":{"start":{"line":15,"column":0},"end":{"line":15,"column":73}},"15":{"start":{"line":16,"column":0},"end":{"line":16,"column":0}},"16":{"start":{"line":17,"column":0},"end":{"line":17,"column":61}},"17":{"start":{"line":18,"column":0},"end":{"line":18,"column":0}},"18":{"start":{"line":19,"column":0},"end":{"line":19,"column":71}},"19":{"start":{"line":20,"column":0},"end":{"line":20,"column":77}},"20":{"start":{"line":21,"column":0},"end":{"line":21,"column":4}},"21":{"start":{"line":22,"column":0},"end":{"line":22,"column":2}},"22":{"start":{"line":23,"column":0},"end":{"line":23,"column":0}},"23":{"start":{"line":24,"column":0},"end":{"line":24,"column":25}}},"s":{"0":1,"1":1,"2":1,"3":1,"4":1,"5":1,"6":0,"7":0,"8":0,"9":1,"10":1,"11":1,"12":1,"13":1,"14":11,"15":11,"16":11,"17":0,"18":0,"19":0,"20":1,"21":1,"22":1,"23":1},"branchMap":{"0":{"type":"branch","line":1,"loc":{"start":{"line":1,"column":0},"end":{"line":24,"column":25}},"locations":[{"start":{"line":1,"column":0},"end":{"line":24,"column":25}}]},"1":{"type":"branch","line":6,"loc":{"start":{"line":6,"column":46},"end":{"line":9,"column":1}},"locations":[{"start":{"line":6,"column":46},"end":{"line":9,"column":1}}]},"2":{"type":"branch","line":13,"loc":{"start":{"line":13,"column":20},"end":{"line":22,"column":1}},"locations":[{"start":{"line":13,"column":20},"end":{"line":22,"column":1}}]},"3":{"type":"branch","line":14,"loc":{"start":{"line":14,"column":10},"end":{"line":21,"column":3}},"locations":[{"start":{"line":14,"column":10},"end":{"line":21,"column":3}}]},"4":{"type":"branch","line":15,"loc":{"start":{"line":15,"column":60},"end":{"line":15,"column":73}},"locations":[{"start":{"line":15,"column":60},"end":{"line":15,"column":73}}]},"5":{"type":"branch","line":18,"loc":{"start":{"line":18,"column":-1},"end":{"line":21,"column":2}},"locations":[{"start":{"line":18,"column":-1},"end":{"line":21,"column":2}}]}},"b":{"0":[1],"1":[0],"2":[1],"3":[11],"4":[0],"5":[0]},"fnMap":{},"f":{}}
,"/Users/I503541/repos/github.com/ai-enabled-integrations-codejam/apps/altura-service-locator/assets/service-locator-cap/srv/service-locator-service.js": {"path":"/Users/I503541/repos/github.com/ai-enabled-integrations-codejam/apps/altura-service-locator/assets/service-locator-cap/srv/service-locator-service.js","all":false,"statementMap":{"0":{"start":{"line":1,"column":0},"end":{"line":1,"column":3}},"1":{"start":{"line":2,"column":0},"end":{"line":2,"column":73}},"2":{"start":{"line":3,"column":0},"end":{"line":3,"column":25}},"3":{"start":{"line":4,"column":0},"end":{"line":4,"column":3}},"4":{"start":{"line":5,"column":0},"end":{"line":5,"column":53}},"5":{"start":{"line":6,"column":0},"end":{"line":6,"column":17}},"6":{"start":{"line":7,"column":0},"end":{"line":7,"column":45}},"7":{"start":{"line":8,"column":0},"end":{"line":8,"column":45}},"8":{"start":{"line":9,"column":0},"end":{"line":9,"column":11}},"9":{"start":{"line":10,"column":0},"end":{"line":10,"column":29}},"10":{"start":{"line":11,"column":0},"end":{"line":11,"column":69}},"11":{"start":{"line":12,"column":0},"end":{"line":12,"column":28}},"12":{"start":{"line":13,"column":0},"end":{"line":13,"column":60}},"13":{"start":{"line":14,"column":0},"end":{"line":14,"column":1}},"14":{"start":{"line":15,"column":0},"end":{"line":15,"column":0}},"15":{"start":{"line":16,"column":0},"end":{"line":16,"column":3}},"16":{"start":{"line":17,"column":0},"end":{"line":17,"column":73}},"17":{"start":{"line":18,"column":0},"end":{"line":18,"column":3}},"18":{"start":{"line":19,"column":0},"end":{"line":19,"column":48}},"19":{"start":{"line":20,"column":0},"end":{"line":20,"column":21}},"20":{"start":{"line":21,"column":0},"end":{"line":21,"column":25}},"21":{"start":{"line":22,"column":0},"end":{"line":22,"column":28}},"22":{"start":{"line":23,"column":0},"end":{"line":23,"column":77}},"23":{"start":{"line":24,"column":0},"end":{"line":24,"column":50}},"24":{"start":{"line":25,"column":0},"end":{"line":25,"column":3}},"25":{"start":{"line":26,"column":0},"end":{"line":26,"column":17}},"26":{"start":{"line":27,"column":0},"end":{"line":27,"column":1}},"27":{"start":{"line":28,"column":0},"end":{"line":28,"column":0}},"28":{"start":{"line":29,"column":0},"end":{"line":29,"column":31}},"29":{"start":{"line":30,"column":0},"end":{"line":30,"column":42}},"30":{"start":{"line":31,"column":0},"end":{"line":31,"column":0}},"31":{"start":{"line":32,"column":0},"end":{"line":32,"column":50}},"32":{"start":{"line":33,"column":0},"end":{"line":33,"column":33}},"33":{"start":{"line":34,"column":0},"end":{"line":34,"column":0}},"34":{"start":{"line":35,"column":0},"end":{"line":35,"column":38}},"35":{"start":{"line":36,"column":0},"end":{"line":36,"column":62}},"36":{"start":{"line":37,"column":0},"end":{"line":37,"column":5}},"37":{"start":{"line":38,"column":0},"end":{"line":38,"column":0}},"38":{"start":{"line":39,"column":0},"end":{"line":39,"column":58}},"39":{"start":{"line":40,"column":0},"end":{"line":40,"column":91}},"40":{"start":{"line":41,"column":0},"end":{"line":41,"column":6}},"41":{"start":{"line":42,"column":0},"end":{"line":42,"column":0}},"42":{"start":{"line":43,"column":0},"end":{"line":43,"column":22}},"43":{"start":{"line":44,"column":0},"end":{"line":44,"column":61}},"44":{"start":{"line":45,"column":0},"end":{"line":45,"column":5}},"45":{"start":{"line":46,"column":0},"end":{"line":46,"column":0}},"46":{"start":{"line":47,"column":0},"end":{"line":47,"column":70}},"47":{"start":{"line":48,"column":0},"end":{"line":48,"column":46}},"48":{"start":{"line":49,"column":0},"end":{"line":49,"column":35}},"49":{"start":{"line":50,"column":0},"end":{"line":50,"column":44}},"50":{"start":{"line":51,"column":0},"end":{"line":51,"column":44}},"51":{"start":{"line":52,"column":0},"end":{"line":52,"column":6}},"52":{"start":{"line":53,"column":0},"end":{"line":53,"column":0}},"53":{"start":{"line":54,"column":0},"end":{"line":54,"column":48}},"54":{"start":{"line":55,"column":0},"end":{"line":55,"column":0}},"55":{"start":{"line":56,"column":0},"end":{"line":56,"column":29}},"56":{"start":{"line":57,"column":0},"end":{"line":57,"column":90}},"57":{"start":{"line":58,"column":0},"end":{"line":58,"column":91}},"58":{"start":{"line":59,"column":0},"end":{"line":59,"column":50}},"59":{"start":{"line":60,"column":0},"end":{"line":60,"column":5}},"60":{"start":{"line":61,"column":0},"end":{"line":61,"column":0}},"61":{"start":{"line":62,"column":0},"end":{"line":62,"column":44}},"62":{"start":{"line":63,"column":0},"end":{"line":63,"column":17}},"63":{"start":{"line":64,"column":0},"end":{"line":64,"column":9}},"64":{"start":{"line":65,"column":0},"end":{"line":65,"column":116}},"65":{"start":{"line":66,"column":0},"end":{"line":66,"column":36}},"66":{"start":{"line":67,"column":0},"end":{"line":67,"column":61}},"67":{"start":{"line":68,"column":0},"end":{"line":68,"column":9}},"68":{"start":{"line":69,"column":0},"end":{"line":69,"column":67}},"69":{"start":{"line":70,"column":0},"end":{"line":70,"column":34}},"70":{"start":{"line":71,"column":0},"end":{"line":71,"column":13}},"71":{"start":{"line":72,"column":0},"end":{"line":72,"column":87}},"72":{"start":{"line":73,"column":0},"end":{"line":73,"column":5}},"73":{"start":{"line":74,"column":0},"end":{"line":74,"column":0}},"74":{"start":{"line":75,"column":0},"end":{"line":75,"column":27}},"75":{"start":{"line":76,"column":0},"end":{"line":76,"column":81}},"76":{"start":{"line":77,"column":0},"end":{"line":77,"column":5}},"77":{"start":{"line":78,"column":0},"end":{"line":78,"column":0}},"78":{"start":{"line":79,"column":0},"end":{"line":79,"column":44}},"79":{"start":{"line":80,"column":0},"end":{"line":80,"column":44}},"80":{"start":{"line":81,"column":0},"end":{"line":81,"column":38}},"81":{"start":{"line":82,"column":0},"end":{"line":82,"column":5}},"82":{"start":{"line":83,"column":0},"end":{"line":83,"column":1}}},"s":{"0":1,"1":1,"2":1,"3":1,"4":1,"5":21,"6":21,"7":21,"8":21,"9":21,"10":21,"11":21,"12":21,"13":21,"14":1,"15":1,"16":1,"17":1,"18":1,"19":6,"20":6,"21":6,"22":18,"23":18,"24":18,"25":6,"26":6,"27":1,"28":1,"29":1,"30":1,"31":1,"32":4,"33":4,"34":4,"35":0,"36":0,"37":4,"38":4,"39":4,"40":4,"41":4,"42":4,"43":0,"44":0,"45":4,"46":4,"47":4,"48":4,"49":60,"50":58,"51":4,"52":4,"53":4,"54":4,"55":4,"56":4,"57":4,"58":4,"59":4,"60":0,"61":0,"62":0,"63":0,"64":0,"65":0,"66":0,"67":0,"68":0,"69":0,"70":0,"71":0,"72":0,"73":0,"74":0,"75":0,"76":0,"77":0,"78":0,"79":0,"80":0,"81":1,"82":1},"branchMap":{"0":{"type":"branch","line":1,"loc":{"start":{"line":1,"column":0},"end":{"line":83,"column":1}},"locations":[{"start":{"line":1,"column":0},"end":{"line":83,"column":1}}]},"1":{"type":"branch","line":5,"loc":{"start":{"line":5,"column":7},"end":{"line":14,"column":1}},"locations":[{"start":{"line":5,"column":7},"end":{"line":14,"column":1}}]},"2":{"type":"branch","line":19,"loc":{"start":{"line":19,"column":7},"end":{"line":27,"column":1}},"locations":[{"start":{"line":19,"column":7},"end":{"line":27,"column":1}}]},"3":{"type":"branch","line":22,"loc":{"start":{"line":22,"column":27},"end":{"line":25,"column":3}},"locations":[{"start":{"line":22,"column":27},"end":{"line":25,"column":3}}]},"4":{"type":"branch","line":24,"loc":{"start":{"line":24,"column":21},"end":{"line":24,"column":50}},"locations":[{"start":{"line":24,"column":21},"end":{"line":24,"column":50}}]},"5":{"type":"branch","line":29,"loc":{"start":{"line":29,"column":15},"end":{"line":83,"column":1}},"locations":[{"start":{"line":29,"column":15},"end":{"line":83,"column":1}}]},"6":{"type":"branch","line":32,"loc":{"start":{"line":32,"column":36},"end":{"line":82,"column":3}},"locations":[{"start":{"line":32,"column":36},"end":{"line":82,"column":3}}]},"7":{"type":"branch","line":35,"loc":{"start":{"line":35,"column":37},"end":{"line":37,"column":5}},"locations":[{"start":{"line":35,"column":37},"end":{"line":37,"column":5}}]},"8":{"type":"branch","line":43,"loc":{"start":{"line":43,"column":21},"end":{"line":45,"column":5}},"locations":[{"start":{"line":43,"column":21},"end":{"line":45,"column":5}}]},"9":{"type":"branch","line":54,"loc":{"start":{"line":54,"column":30},"end":{"line":54,"column":48}},"locations":[{"start":{"line":54,"column":30},"end":{"line":54,"column":48}}]},"10":{"type":"branch","line":61,"loc":{"start":{"line":61,"column":-1},"end":{"line":82,"column":2}},"locations":[{"start":{"line":61,"column":-1},"end":{"line":82,"column":2}}]},"11":{"type":"branch","line":49,"loc":{"start":{"line":49,"column":31},"end":{"line":51,"column":44}},"locations":[{"start":{"line":49,"column":31},"end":{"line":51,"column":44}}]},"12":{"type":"branch","line":50,"loc":{"start":{"line":50,"column":42},"end":{"line":51,"column":44}},"locations":[{"start":{"line":50,"column":42},"end":{"line":51,"column":44}}]},"13":{"type":"branch","line":57,"loc":{"start":{"line":57,"column":36},"end":{"line":57,"column":68}},"locations":[{"start":{"line":57,"column":36},"end":{"line":57,"column":68}}]},"14":{"type":"branch","line":58,"loc":{"start":{"line":58,"column":36},"end":{"line":58,"column":69}},"locations":[{"start":{"line":58,"column":36},"end":{"line":58,"column":69}}]}},"b":{"0":[1],"1":[21],"2":[6],"3":[18],"4":[13],"5":[1],"6":[4],"7":[0],"8":[0],"9":[0],"10":[0],"11":[60],"12":[58],"13":[12],"14":[12]},"fnMap":{"0":{"name":"haversineKm","decl":{"start":{"line":5,"column":7},"end":{"line":14,"column":1}},"loc":{"start":{"line":5,"column":7},"end":{"line":14,"column":1}},"line":5},"1":{"name":"findNearest","decl":{"start":{"line":19,"column":7},"end":{"line":27,"column":1}},"loc":{"start":{"line":19,"column":7},"end":{"line":27,"column":1}},"line":19},"2":{"name":"default","decl":{"start":{"line":29,"column":15},"end":{"line":83,"column":1}},"loc":{"start":{"line":29,"column":15},"end":{"line":83,"column":1}},"line":29}},"f":{"0":21,"1":6,"2":1}}
}
